08-05 17:42:07 com_github_MitjaNemec_ReplicateLayout.action_replicate_layout 409:Plugin executed on: 'win32'
08-05 17:42:07 com_github_MitjaNemec_ReplicateLayout.action_replicate_layout 410:Plugin executed with python version: '3.11.5 (main, Jan 27 2025, 07:08:36) [MSC v.1942 64 bit (AMD64)]'
08-05 17:42:07 com_github_MitjaNemec_ReplicateLayout.action_replicate_layout 411:KiCad build version: 9.0.2
08-05 17:42:07 com_github_MitjaNemec_ReplicateLayout.action_replicate_layout 412:Plugin version: 4.0.3
08-05 17:42:07 com_github_MitjaNemec_ReplicateLayout.action_replicate_layout 413:Frame repr: <wx._core.Frame object at 0x000002105BA449D0>
08-05 17:42:07 com_github_MitjaNemec_ReplicateLayout.action_replicate_layout 437:Preparing replicator with IC9 as a reference
08-05 17:42:07 com_github_MitjaNemec_ReplicateLayout.replicate_layout 117:getting a list of all footprints on board
08-05 17:42:07 com_github_MitjaNemec_ReplicateLayout.action_replicate_layout 485:source anchor footprint is 'IC9'
Located on: ['/Heater_Mosfet_2/']
With filenames: ['HEATER.kicad_sch']
With sheet_id:['/Heater_Mosfet_2/']
08-05 17:42:07 com_github_MitjaNemec_ReplicateLayout.action_replicate_layout 492:Corresponding footprints are 
[('IC1', ['/Heater_Mosfet_1/']), ('IC11', ['/Heater_Mosfet_3/']), ('IC9', ['/Heater_Mosfet_2/']), ('IC13', ['/Heater_Mosfet_4/'])]
08-05 17:42:07 com_github_MitjaNemec_ReplicateLayout.action_replicate_layout 504:Showing dialog
08-05 17:42:07 com_github_MitjaNemec_ReplicateLayout.replicate_layout 472:constructing a list of sheets suitable for replication on level:'/Heater_Mosfet_2/', file:'HEATER.kicad_sch'
08-05 17:42:07 com_github_MitjaNemec_ReplicateLayout.replicate_layout 509:suitable sheets are:[['/Heater_Mosfet_1/'], ['/Heater_Mosfet_3/'], ['/Heater_Mosfet_4/']]
08-05 17:42:07 com_github_MitjaNemec_ReplicateLayout.replicate_layout 1512:Level selected: ['/Heater_Mosfet_2/']
08-05 17:42:07 com_github_MitjaNemec_ReplicateLayout.replicate_layout 1336:Filtering list of tracks
08-05 17:42:07 com_github_MitjaNemec_ReplicateLayout.action_replicate_layout 510:Toolbar position: wx.Point(1662, 111)
08-05 17:42:07 com_github_MitjaNemec_ReplicateLayout.action_replicate_layout 515:Dialog position: wx.Point(1223, 111)
08-05 17:42:08 com_github_MitjaNemec_ReplicateLayout.replicate_layout 472:constructing a list of sheets suitable for replication on level:'/Heater_Mosfet_2/', file:'HEATER.kicad_sch'
08-05 17:42:08 com_github_MitjaNemec_ReplicateLayout.replicate_layout 509:suitable sheets are:[['/Heater_Mosfet_1/'], ['/Heater_Mosfet_3/'], ['/Heater_Mosfet_4/']]
08-05 17:42:08 com_github_MitjaNemec_ReplicateLayout.action_replicate_layout 248:Replicating layout
08-05 17:42:08 com_github_MitjaNemec_ReplicateLayout.replicate_layout 288:Starting replication of sheets: [['/Heater_Mosfet_1/'], ['/Heater_Mosfet_3/'], ['/Heater_Mosfet_4/']]
on level: ['/Heater_Mosfet_2/']
with tracks=True, zone=True, text=True, text=True, intersecting=False, remove=False, locked footprints=False, group_only=False
08-05 17:42:08 root 340:updating GUI message: 'Preparing for replication'
08-05 17:42:08 root 345:updating GUI with: 0
08-05 17:42:08 com_github_MitjaNemec_ReplicateLayout.replicate_layout 358:Getting the list of source footprints
08-05 17:42:08 com_github_MitjaNemec_ReplicateLayout.replicate_layout 368:Getting the list of all the remaining footprints
08-05 17:42:08 com_github_MitjaNemec_ReplicateLayout.replicate_layout 375:Getting source tracks
08-05 17:42:08 com_github_MitjaNemec_ReplicateLayout.replicate_layout 1336:Filtering list of tracks
08-05 17:42:08 com_github_MitjaNemec_ReplicateLayout.replicate_layout 379:Getting source zones
08-05 17:42:08 com_github_MitjaNemec_ReplicateLayout.replicate_layout 383:Getting source text items
08-05 17:42:08 com_github_MitjaNemec_ReplicateLayout.replicate_layout 387:Getting source drawing items
08-05 17:42:08 root 340:updating GUI message: 'Replicating footprints'
08-05 17:42:08 com_github_MitjaNemec_ReplicateLayout.replicate_layout 863:Replicating footprints
08-05 17:42:08 com_github_MitjaNemec_ReplicateLayout.replicate_layout 870:Replicating footprints on sheet ['/Heater_Mosfet_1/']
08-05 17:42:08 com_github_MitjaNemec_ReplicateLayout.replicate_layout 835:Src fp.id: '28AEE856-2692-4C12-832E-B534192C1BB5'
08-05 17:42:08 com_github_MitjaNemec_ReplicateLayout.replicate_layout 839:Dst fp.id: '28AEE856-2692-4C12-832E-B534192C1BB5'
08-05 17:42:08 com_github_MitjaNemec_ReplicateLayout.replicate_layout 888:Replicating footprint: 'R29'
08-05 17:42:08 com_github_MitjaNemec_ReplicateLayout.replicate_layout 835:Src fp.id: 'AB6F5044-C8DE-4817-A9E0-3333494524E5'
08-05 17:42:08 com_github_MitjaNemec_ReplicateLayout.replicate_layout 839:Dst fp.id: 'AB6F5044-C8DE-4817-A9E0-3333494524E5'
08-05 17:42:08 com_github_MitjaNemec_ReplicateLayout.replicate_layout 895:found match in dst footprint: 'R8'
08-05 17:42:08 com_github_MitjaNemec_ReplicateLayout.replicate_layout 990:Src text UUid:dbf97c2b-017e-4510-8c88-71176cd0ba06
08-05 17:42:08 com_github_MitjaNemec_ReplicateLayout.replicate_layout 991:Dst text UUid:92fde391-4213-48be-bc15-32ba5f5a7e2c
08-05 17:42:08 com_github_MitjaNemec_ReplicateLayout.replicate_layout 990:Src text UUid:fba11fc1-8fe8-494a-b3c9-5ea98392d0a7
08-05 17:42:08 com_github_MitjaNemec_ReplicateLayout.replicate_layout 991:Dst text UUid:a98e405e-33cc-4abd-9d21-caa43f5559d6
08-05 17:42:08 com_github_MitjaNemec_ReplicateLayout.replicate_layout 990:Src text UUid:35be16ca-6396-4170-9379-fa5263df8207
08-05 17:42:08 com_github_MitjaNemec_ReplicateLayout.replicate_layout 991:Dst text UUid:88de8a76-6edd-47c0-9b36-40923f8930fc
08-05 17:42:08 com_github_MitjaNemec_ReplicateLayout.replicate_layout 888:Replicating footprint: 'R28'
08-05 17:42:08 com_github_MitjaNemec_ReplicateLayout.replicate_layout 835:Src fp.id: '057CDC43-C7A6-4333-9748-9CE4162478F5'
08-05 17:42:08 com_github_MitjaNemec_ReplicateLayout.replicate_layout 839:Dst fp.id: '057CDC43-C7A6-4333-9748-9CE4162478F5'
08-05 17:42:08 com_github_MitjaNemec_ReplicateLayout.replicate_layout 895:found match in dst footprint: 'R7'
08-05 17:42:08 com_github_MitjaNemec_ReplicateLayout.replicate_layout 990:Src text UUid:130020ea-dbd0-449e-8eda-aeb45595b156
08-05 17:42:08 com_github_MitjaNemec_ReplicateLayout.replicate_layout 991:Dst text UUid:d571601c-7756-4151-bf55-882798e9c5a7
08-05 17:42:08 com_github_MitjaNemec_ReplicateLayout.replicate_layout 990:Src text UUid:1f35e423-8c72-4df7-9304-78711dce0344
08-05 17:42:08 com_github_MitjaNemec_ReplicateLayout.replicate_layout 991:Dst text UUid:579861aa-9876-4cb7-9fa5-05a81f167bf7
08-05 17:42:08 com_github_MitjaNemec_ReplicateLayout.replicate_layout 990:Src text UUid:e7c78d61-06ff-4de0-a129-31e51d0e3a0d
08-05 17:42:08 com_github_MitjaNemec_ReplicateLayout.replicate_layout 991:Dst text UUid:c914b6bc-50c7-4eff-8667-8368379b5f1d
08-05 17:42:08 com_github_MitjaNemec_ReplicateLayout.replicate_layout 888:Replicating footprint: 'R30'
08-05 17:42:08 com_github_MitjaNemec_ReplicateLayout.replicate_layout 835:Src fp.id: '8B3D445E-7AD9-4594-86BE-5B7539E97906'
08-05 17:42:08 com_github_MitjaNemec_ReplicateLayout.replicate_layout 839:Dst fp.id: '8B3D445E-7AD9-4594-86BE-5B7539E97906'
08-05 17:42:08 com_github_MitjaNemec_ReplicateLayout.replicate_layout 895:found match in dst footprint: 'R9'
08-05 17:42:08 com_github_MitjaNemec_ReplicateLayout.replicate_layout 990:Src text UUid:72dbf607-c6f4-4aa5-83e5-e558501de7eb
08-05 17:42:08 com_github_MitjaNemec_ReplicateLayout.replicate_layout 991:Dst text UUid:fe56aec3-888c-4700-a6e7-955e33cd98f9
08-05 17:42:08 com_github_MitjaNemec_ReplicateLayout.replicate_layout 990:Src text UUid:d5ae1991-15a7-49a5-95bb-c6d2e977dc40
08-05 17:42:08 com_github_MitjaNemec_ReplicateLayout.replicate_layout 991:Dst text UUid:8c9c8a04-b145-4e1b-be15-d0687ad453fc
08-05 17:42:08 com_github_MitjaNemec_ReplicateLayout.replicate_layout 990:Src text UUid:080f5a8a-bceb-43ff-8633-bb22a4c73108
08-05 17:42:08 com_github_MitjaNemec_ReplicateLayout.replicate_layout 991:Dst text UUid:d29a8211-bc61-45e4-9e02-6d6458b15c51
08-05 17:42:08 com_github_MitjaNemec_ReplicateLayout.replicate_layout 888:Replicating footprint: 'R27'
08-05 17:42:08 com_github_MitjaNemec_ReplicateLayout.replicate_layout 835:Src fp.id: 'ABB09DC0-9B9B-4C75-809D-5EF5604C195F'
08-05 17:42:08 com_github_MitjaNemec_ReplicateLayout.replicate_layout 839:Dst fp.id: 'ABB09DC0-9B9B-4C75-809D-5EF5604C195F'
08-05 17:42:08 com_github_MitjaNemec_ReplicateLayout.replicate_layout 895:found match in dst footprint: 'R6'
08-05 17:42:08 com_github_MitjaNemec_ReplicateLayout.replicate_layout 990:Src text UUid:b0b66ad3-d6f8-4326-b951-087e8301b943
08-05 17:42:08 com_github_MitjaNemec_ReplicateLayout.replicate_layout 991:Dst text UUid:ce670434-c26e-447a-a9c2-985267958a19
08-05 17:42:08 com_github_MitjaNemec_ReplicateLayout.replicate_layout 990:Src text UUid:033d713a-b46d-46a6-a678-2c25e923525a
08-05 17:42:08 com_github_MitjaNemec_ReplicateLayout.replicate_layout 991:Dst text UUid:4b05ff60-df95-4501-ad80-13a729b14f5c
08-05 17:42:08 com_github_MitjaNemec_ReplicateLayout.replicate_layout 990:Src text UUid:a1de81c3-7acf-4fd6-a456-2b0442ab146d
08-05 17:42:08 com_github_MitjaNemec_ReplicateLayout.replicate_layout 991:Dst text UUid:f8c80515-0438-484d-9a1a-796e875d1139
08-05 17:42:08 com_github_MitjaNemec_ReplicateLayout.replicate_layout 888:Replicating footprint: 'R26'
08-05 17:42:08 com_github_MitjaNemec_ReplicateLayout.replicate_layout 835:Src fp.id: '90E7C390-60F4-409F-83DC-EC2356E4B771'
08-05 17:42:08 com_github_MitjaNemec_ReplicateLayout.replicate_layout 839:Dst fp.id: '90E7C390-60F4-409F-83DC-EC2356E4B771'
08-05 17:42:08 com_github_MitjaNemec_ReplicateLayout.replicate_layout 895:found match in dst footprint: 'R5'
08-05 17:42:08 com_github_MitjaNemec_ReplicateLayout.replicate_layout 990:Src text UUid:17f4524c-ad15-4277-8880-69d7cac80982
08-05 17:42:08 com_github_MitjaNemec_ReplicateLayout.replicate_layout 991:Dst text UUid:1cfabc9c-67d7-4c6c-b04a-dbd55e1c7bf4
08-05 17:42:08 com_github_MitjaNemec_ReplicateLayout.replicate_layout 990:Src text UUid:ec7f0764-f7a3-4930-8ce2-5a268e3d55ec
08-05 17:42:08 com_github_MitjaNemec_ReplicateLayout.replicate_layout 991:Dst text UUid:842205e0-3264-4e50-ad63-c9b88955671a
08-05 17:42:08 com_github_MitjaNemec_ReplicateLayout.replicate_layout 990:Src text UUid:12b3ecd3-a28f-4ec6-aa1d-0e7d3fd57fd7
08-05 17:42:08 com_github_MitjaNemec_ReplicateLayout.replicate_layout 991:Dst text UUid:876b3a2b-fd0c-4a47-84d9-04597cb4fc9d
08-05 17:42:08 com_github_MitjaNemec_ReplicateLayout.replicate_layout 888:Replicating footprint: 'R25'
08-05 17:42:08 com_github_MitjaNemec_ReplicateLayout.replicate_layout 835:Src fp.id: '5F80B718-2992-4C96-9F05-6470A3F1AFCF'
08-05 17:42:08 com_github_MitjaNemec_ReplicateLayout.replicate_layout 839:Dst fp.id: '5F80B718-2992-4C96-9F05-6470A3F1AFCF'
08-05 17:42:08 com_github_MitjaNemec_ReplicateLayout.replicate_layout 895:found match in dst footprint: 'R4'
08-05 17:42:08 com_github_MitjaNemec_ReplicateLayout.replicate_layout 990:Src text UUid:6be75e39-14ce-4666-a89a-3f42f6e0ed42
08-05 17:42:08 com_github_MitjaNemec_ReplicateLayout.replicate_layout 991:Dst text UUid:13696b19-1df9-45a6-8d96-91e1202002e1
08-05 17:42:08 com_github_MitjaNemec_ReplicateLayout.replicate_layout 990:Src text UUid:a371d866-c759-4fe0-b078-56792f3f5123
08-05 17:42:08 com_github_MitjaNemec_ReplicateLayout.replicate_layout 991:Dst text UUid:6c005ad7-9187-4b68-abd9-51e0331d51d6
08-05 17:42:08 com_github_MitjaNemec_ReplicateLayout.replicate_layout 990:Src text UUid:0dc096c8-d036-4be5-ac35-c299ecaf117b
08-05 17:42:08 com_github_MitjaNemec_ReplicateLayout.replicate_layout 991:Dst text UUid:a72f5cf9-714e-4d7e-8fea-8b54ba25438e
08-05 17:42:08 com_github_MitjaNemec_ReplicateLayout.replicate_layout 888:Replicating footprint: 'IC9'
08-05 17:42:08 com_github_MitjaNemec_ReplicateLayout.replicate_layout 835:Src fp.id: '28AEE856-2692-4C12-832E-B534192C1BB5'
08-05 17:42:08 com_github_MitjaNemec_ReplicateLayout.replicate_layout 839:Dst fp.id: '28AEE856-2692-4C12-832E-B534192C1BB5'
08-05 17:42:08 com_github_MitjaNemec_ReplicateLayout.replicate_layout 895:found match in dst footprint: 'IC1'
08-05 17:42:08 com_github_MitjaNemec_ReplicateLayout.replicate_layout 990:Src text UUid:872622fe-834c-43a2-9c07-f9142bd5ecba
08-05 17:42:08 com_github_MitjaNemec_ReplicateLayout.replicate_layout 991:Dst text UUid:2fa8928e-7b6b-4409-b880-b93d526390fe
08-05 17:42:08 com_github_MitjaNemec_ReplicateLayout.replicate_layout 990:Src text UUid:30d14a7a-f7a3-4fbe-affd-977e4de1b55e
08-05 17:42:08 com_github_MitjaNemec_ReplicateLayout.replicate_layout 991:Dst text UUid:274c08ce-ac1b-4ff3-8739-8d3ed4dac83f
08-05 17:42:08 com_github_MitjaNemec_ReplicateLayout.replicate_layout 888:Replicating footprint: 'R24'
08-05 17:42:08 com_github_MitjaNemec_ReplicateLayout.replicate_layout 835:Src fp.id: '9AC6A605-27CF-4BE2-AF3A-563A3ACB1686'
08-05 17:42:08 com_github_MitjaNemec_ReplicateLayout.replicate_layout 839:Dst fp.id: '9AC6A605-27CF-4BE2-AF3A-563A3ACB1686'
08-05 17:42:08 com_github_MitjaNemec_ReplicateLayout.replicate_layout 895:found match in dst footprint: 'R3'
08-05 17:42:08 com_github_MitjaNemec_ReplicateLayout.replicate_layout 990:Src text UUid:2a5277bb-29a7-4cd2-b69b-91c3ee95343b
08-05 17:42:08 com_github_MitjaNemec_ReplicateLayout.replicate_layout 991:Dst text UUid:1fab80f0-cc3e-4dd3-bb2d-414f94eea753
08-05 17:42:08 com_github_MitjaNemec_ReplicateLayout.replicate_layout 990:Src text UUid:6b8393eb-76cb-4444-a340-434a30199e25
08-05 17:42:08 com_github_MitjaNemec_ReplicateLayout.replicate_layout 991:Dst text UUid:7200c866-db53-4148-a948-a2275ad20bb4
08-05 17:42:08 com_github_MitjaNemec_ReplicateLayout.replicate_layout 990:Src text UUid:5b4c3149-2b74-42c0-971f-323257214f63
08-05 17:42:08 com_github_MitjaNemec_ReplicateLayout.replicate_layout 991:Dst text UUid:7a87b24a-8b17-4e55-a6bc-876e114e8b93
08-05 17:42:08 com_github_MitjaNemec_ReplicateLayout.replicate_layout 888:Replicating footprint: 'J9'
08-05 17:42:08 com_github_MitjaNemec_ReplicateLayout.replicate_layout 835:Src fp.id: '6E8068F7-952C-4D61-BB1A-D4DB94FD7C8A'
08-05 17:42:08 com_github_MitjaNemec_ReplicateLayout.replicate_layout 839:Dst fp.id: '6E8068F7-952C-4D61-BB1A-D4DB94FD7C8A'
08-05 17:42:08 com_github_MitjaNemec_ReplicateLayout.replicate_layout 895:found match in dst footprint: 'J1'
08-05 17:42:08 com_github_MitjaNemec_ReplicateLayout.replicate_layout 990:Src text UUid:90442a38-db32-4623-ac98-8aec9a6fdb4c
08-05 17:42:08 com_github_MitjaNemec_ReplicateLayout.replicate_layout 991:Dst text UUid:7494a9f4-def3-4f80-ba74-0c31eec50a95
08-05 17:42:08 com_github_MitjaNemec_ReplicateLayout.replicate_layout 990:Src text UUid:e9a8f86c-c3a4-4687-9eca-ca4df0a79759
08-05 17:42:08 com_github_MitjaNemec_ReplicateLayout.replicate_layout 991:Dst text UUid:82a31a71-2c9d-4129-9fe8-5b5b6556654f
08-05 17:42:08 com_github_MitjaNemec_ReplicateLayout.replicate_layout 990:Src text UUid:6431dfe0-4b95-47a0-869d-d39d948d5e0b
08-05 17:42:08 com_github_MitjaNemec_ReplicateLayout.replicate_layout 991:Dst text UUid:018a8006-8aa7-423b-bd8f-1976f5f84d72
08-05 17:42:08 com_github_MitjaNemec_ReplicateLayout.replicate_layout 888:Replicating footprint: 'C13'
08-05 17:42:08 com_github_MitjaNemec_ReplicateLayout.replicate_layout 835:Src fp.id: '8936213F-2631-4A7C-A7BC-1762B6BC6243'
08-05 17:42:08 com_github_MitjaNemec_ReplicateLayout.replicate_layout 839:Dst fp.id: '8936213F-2631-4A7C-A7BC-1762B6BC6243'
08-05 17:42:08 com_github_MitjaNemec_ReplicateLayout.replicate_layout 895:found match in dst footprint: 'C4'
08-05 17:42:08 com_github_MitjaNemec_ReplicateLayout.replicate_layout 990:Src text UUid:65d7ca30-9ce6-4c02-afab-3c0d5989312d
08-05 17:42:08 com_github_MitjaNemec_ReplicateLayout.replicate_layout 991:Dst text UUid:3100a49e-59aa-4b4c-a432-18c03087cb44
08-05 17:42:08 com_github_MitjaNemec_ReplicateLayout.replicate_layout 990:Src text UUid:1c1818d4-836d-4a45-86ae-8d0f5cbeb4f4
08-05 17:42:08 com_github_MitjaNemec_ReplicateLayout.replicate_layout 991:Dst text UUid:5671cea7-bd28-478e-9660-017108f0cc8b
08-05 17:42:08 com_github_MitjaNemec_ReplicateLayout.replicate_layout 990:Src text UUid:7b6f3c60-7b2e-4285-a0e7-a77a45321b9d
08-05 17:42:08 com_github_MitjaNemec_ReplicateLayout.replicate_layout 991:Dst text UUid:3eaf2336-4f7c-4659-b28e-504a92f9d635
08-05 17:42:08 com_github_MitjaNemec_ReplicateLayout.replicate_layout 888:Replicating footprint: 'C12'
08-05 17:42:08 com_github_MitjaNemec_ReplicateLayout.replicate_layout 835:Src fp.id: 'A4C2EA13-C5DE-4A04-84FA-117D1BED9D40'
08-05 17:42:08 com_github_MitjaNemec_ReplicateLayout.replicate_layout 839:Dst fp.id: 'A4C2EA13-C5DE-4A04-84FA-117D1BED9D40'
08-05 17:42:08 com_github_MitjaNemec_ReplicateLayout.replicate_layout 895:found match in dst footprint: 'C3'
08-05 17:42:08 com_github_MitjaNemec_ReplicateLayout.replicate_layout 990:Src text UUid:514a57d0-a172-4f36-bd97-f8f2d4aa0564
08-05 17:42:08 com_github_MitjaNemec_ReplicateLayout.replicate_layout 991:Dst text UUid:d8e5a39e-b361-4db3-9dff-9a719743547c
08-05 17:42:08 com_github_MitjaNemec_ReplicateLayout.replicate_layout 990:Src text UUid:8476e2a4-7e99-44b7-a63f-790f23051dc9
08-05 17:42:08 com_github_MitjaNemec_ReplicateLayout.replicate_layout 991:Dst text UUid:1cd0a9ab-359c-4435-b631-887485ea2502
08-05 17:42:08 com_github_MitjaNemec_ReplicateLayout.replicate_layout 990:Src text UUid:4df22fd5-0b42-4370-94ef-affcccf7ea01
08-05 17:42:08 com_github_MitjaNemec_ReplicateLayout.replicate_layout 991:Dst text UUid:e6bdf9c7-340a-4d96-b280-a973e1eaaf74
08-05 17:42:08 com_github_MitjaNemec_ReplicateLayout.replicate_layout 888:Replicating footprint: 'IC10'
08-05 17:42:08 root 345:updating GUI with: 30
08-05 17:42:08 com_github_MitjaNemec_ReplicateLayout.replicate_layout 835:Src fp.id: '86FBA545-02B9-4CA8-BF91-073AEE445DB5'
08-05 17:42:08 com_github_MitjaNemec_ReplicateLayout.replicate_layout 839:Dst fp.id: '86FBA545-02B9-4CA8-BF91-073AEE445DB5'
08-05 17:42:08 com_github_MitjaNemec_ReplicateLayout.replicate_layout 895:found match in dst footprint: 'IC2'
08-05 17:42:08 com_github_MitjaNemec_ReplicateLayout.replicate_layout 990:Src text UUid:22fbb810-017c-404a-a61a-0353344b4cc2
08-05 17:42:08 com_github_MitjaNemec_ReplicateLayout.replicate_layout 991:Dst text UUid:bf421cf5-cd3c-441d-8751-745c7a9d6d63
08-05 17:42:08 com_github_MitjaNemec_ReplicateLayout.replicate_layout 990:Src text UUid:55be61ba-eba7-44fa-a5e9-fad02a33b032
08-05 17:42:08 com_github_MitjaNemec_ReplicateLayout.replicate_layout 991:Dst text UUid:559b6b7b-aed2-46ac-853f-edbcbcc837f0
08-05 17:42:08 com_github_MitjaNemec_ReplicateLayout.replicate_layout 888:Replicating footprint: 'J10'
08-05 17:42:08 com_github_MitjaNemec_ReplicateLayout.replicate_layout 835:Src fp.id: '54802528-C3E3-4A77-AC7F-A6EF1DE5F4AE'
08-05 17:42:08 com_github_MitjaNemec_ReplicateLayout.replicate_layout 839:Dst fp.id: '54802528-C3E3-4A77-AC7F-A6EF1DE5F4AE'
08-05 17:42:08 com_github_MitjaNemec_ReplicateLayout.replicate_layout 895:found match in dst footprint: 'J2'
08-05 17:42:08 com_github_MitjaNemec_ReplicateLayout.replicate_layout 990:Src text UUid:6e42ff94-56dc-4f39-b685-f4ac0283ddac
08-05 17:42:08 com_github_MitjaNemec_ReplicateLayout.replicate_layout 991:Dst text UUid:260042d7-0278-4c68-8158-2410f38768b5
08-05 17:42:08 com_github_MitjaNemec_ReplicateLayout.replicate_layout 990:Src text UUid:d31b75ab-476f-40b7-b603-46ecea944676
08-05 17:42:08 com_github_MitjaNemec_ReplicateLayout.replicate_layout 991:Dst text UUid:26a6682e-c26e-45d2-a131-db9fef34c1c5
08-05 17:42:08 com_github_MitjaNemec_ReplicateLayout.replicate_layout 990:Src text UUid:fb3a15e0-342e-4817-aa5c-6f16b116d18e
08-05 17:42:08 com_github_MitjaNemec_ReplicateLayout.replicate_layout 991:Dst text UUid:3204988a-c6a4-41fb-98f8-50fd536112cb
08-05 17:42:08 com_github_MitjaNemec_ReplicateLayout.replicate_layout 870:Replicating footprints on sheet ['/Heater_Mosfet_3/']
08-05 17:42:08 com_github_MitjaNemec_ReplicateLayout.replicate_layout 835:Src fp.id: '28AEE856-2692-4C12-832E-B534192C1BB5'
08-05 17:42:08 com_github_MitjaNemec_ReplicateLayout.replicate_layout 839:Dst fp.id: '28AEE856-2692-4C12-832E-B534192C1BB5'
08-05 17:42:08 com_github_MitjaNemec_ReplicateLayout.replicate_layout 888:Replicating footprint: 'R29'
08-05 17:42:08 com_github_MitjaNemec_ReplicateLayout.replicate_layout 835:Src fp.id: 'AB6F5044-C8DE-4817-A9E0-3333494524E5'
08-05 17:42:08 com_github_MitjaNemec_ReplicateLayout.replicate_layout 839:Dst fp.id: 'AB6F5044-C8DE-4817-A9E0-3333494524E5'
08-05 17:42:08 com_github_MitjaNemec_ReplicateLayout.replicate_layout 895:found match in dst footprint: 'R38'
08-05 17:42:08 com_github_MitjaNemec_ReplicateLayout.replicate_layout 990:Src text UUid:dbf97c2b-017e-4510-8c88-71176cd0ba06
08-05 17:42:08 com_github_MitjaNemec_ReplicateLayout.replicate_layout 991:Dst text UUid:54e60fcb-ac1c-4dee-b46c-dd805adb92d7
08-05 17:42:08 com_github_MitjaNemec_ReplicateLayout.replicate_layout 990:Src text UUid:fba11fc1-8fe8-494a-b3c9-5ea98392d0a7
08-05 17:42:08 com_github_MitjaNemec_ReplicateLayout.replicate_layout 991:Dst text UUid:8b6d5f97-60c5-49d2-8de1-cd1fe14ec283
08-05 17:42:08 com_github_MitjaNemec_ReplicateLayout.replicate_layout 990:Src text UUid:35be16ca-6396-4170-9379-fa5263df8207
08-05 17:42:08 com_github_MitjaNemec_ReplicateLayout.replicate_layout 991:Dst text UUid:685057de-41de-41a6-9718-64e4273ee451
08-05 17:42:08 com_github_MitjaNemec_ReplicateLayout.replicate_layout 888:Replicating footprint: 'R28'
08-05 17:42:08 com_github_MitjaNemec_ReplicateLayout.replicate_layout 835:Src fp.id: '057CDC43-C7A6-4333-9748-9CE4162478F5'
08-05 17:42:08 com_github_MitjaNemec_ReplicateLayout.replicate_layout 839:Dst fp.id: '057CDC43-C7A6-4333-9748-9CE4162478F5'
08-05 17:42:08 com_github_MitjaNemec_ReplicateLayout.replicate_layout 895:found match in dst footprint: 'R37'
08-05 17:42:08 com_github_MitjaNemec_ReplicateLayout.replicate_layout 990:Src text UUid:130020ea-dbd0-449e-8eda-aeb45595b156
08-05 17:42:08 com_github_MitjaNemec_ReplicateLayout.replicate_layout 991:Dst text UUid:114cd40f-f242-41ae-8bf3-d0faf6b49ca1
08-05 17:42:08 com_github_MitjaNemec_ReplicateLayout.replicate_layout 990:Src text UUid:1f35e423-8c72-4df7-9304-78711dce0344
08-05 17:42:08 com_github_MitjaNemec_ReplicateLayout.replicate_layout 991:Dst text UUid:f083ff4c-24d4-4b5f-a866-9430c0741dc0
08-05 17:42:08 com_github_MitjaNemec_ReplicateLayout.replicate_layout 990:Src text UUid:e7c78d61-06ff-4de0-a129-31e51d0e3a0d
08-05 17:42:08 com_github_MitjaNemec_ReplicateLayout.replicate_layout 991:Dst text UUid:245eaa1b-86d2-48ba-9387-3ac6d73b8307
08-05 17:42:08 com_github_MitjaNemec_ReplicateLayout.replicate_layout 888:Replicating footprint: 'R30'
08-05 17:42:08 com_github_MitjaNemec_ReplicateLayout.replicate_layout 835:Src fp.id: '8B3D445E-7AD9-4594-86BE-5B7539E97906'
08-05 17:42:08 com_github_MitjaNemec_ReplicateLayout.replicate_layout 839:Dst fp.id: '8B3D445E-7AD9-4594-86BE-5B7539E97906'
08-05 17:42:08 com_github_MitjaNemec_ReplicateLayout.replicate_layout 895:found match in dst footprint: 'R39'
08-05 17:42:08 com_github_MitjaNemec_ReplicateLayout.replicate_layout 990:Src text UUid:72dbf607-c6f4-4aa5-83e5-e558501de7eb
08-05 17:42:08 com_github_MitjaNemec_ReplicateLayout.replicate_layout 991:Dst text UUid:6da93076-4a89-44b0-8e50-9382e8558307
08-05 17:42:08 com_github_MitjaNemec_ReplicateLayout.replicate_layout 990:Src text UUid:d5ae1991-15a7-49a5-95bb-c6d2e977dc40
08-05 17:42:08 com_github_MitjaNemec_ReplicateLayout.replicate_layout 991:Dst text UUid:5e8c5284-a4b0-4116-b534-de345e04c9d0
08-05 17:42:08 com_github_MitjaNemec_ReplicateLayout.replicate_layout 990:Src text UUid:080f5a8a-bceb-43ff-8633-bb22a4c73108
08-05 17:42:08 com_github_MitjaNemec_ReplicateLayout.replicate_layout 991:Dst text UUid:de794ba1-447d-4bfe-8ccf-bc656ab90f6c
08-05 17:42:08 com_github_MitjaNemec_ReplicateLayout.replicate_layout 888:Replicating footprint: 'R27'
08-05 17:42:08 com_github_MitjaNemec_ReplicateLayout.replicate_layout 835:Src fp.id: 'ABB09DC0-9B9B-4C75-809D-5EF5604C195F'
08-05 17:42:08 com_github_MitjaNemec_ReplicateLayout.replicate_layout 839:Dst fp.id: 'ABB09DC0-9B9B-4C75-809D-5EF5604C195F'
08-05 17:42:08 com_github_MitjaNemec_ReplicateLayout.replicate_layout 895:found match in dst footprint: 'R36'
08-05 17:42:08 com_github_MitjaNemec_ReplicateLayout.replicate_layout 990:Src text UUid:b0b66ad3-d6f8-4326-b951-087e8301b943
08-05 17:42:08 com_github_MitjaNemec_ReplicateLayout.replicate_layout 991:Dst text UUid:807399ca-7688-4b3e-bf33-ca26313d0f45
08-05 17:42:08 com_github_MitjaNemec_ReplicateLayout.replicate_layout 990:Src text UUid:033d713a-b46d-46a6-a678-2c25e923525a
08-05 17:42:08 com_github_MitjaNemec_ReplicateLayout.replicate_layout 991:Dst text UUid:599df8e6-ec0f-492c-bd37-900a54ad3a7f
08-05 17:42:08 com_github_MitjaNemec_ReplicateLayout.replicate_layout 990:Src text UUid:a1de81c3-7acf-4fd6-a456-2b0442ab146d
08-05 17:42:08 com_github_MitjaNemec_ReplicateLayout.replicate_layout 991:Dst text UUid:4edd1f90-4f61-41f1-b7bc-0b50b5366bc2
08-05 17:42:08 com_github_MitjaNemec_ReplicateLayout.replicate_layout 888:Replicating footprint: 'R26'
08-05 17:42:08 com_github_MitjaNemec_ReplicateLayout.replicate_layout 835:Src fp.id: '90E7C390-60F4-409F-83DC-EC2356E4B771'
08-05 17:42:08 com_github_MitjaNemec_ReplicateLayout.replicate_layout 839:Dst fp.id: '90E7C390-60F4-409F-83DC-EC2356E4B771'
08-05 17:42:08 com_github_MitjaNemec_ReplicateLayout.replicate_layout 895:found match in dst footprint: 'R35'
08-05 17:42:08 com_github_MitjaNemec_ReplicateLayout.replicate_layout 990:Src text UUid:17f4524c-ad15-4277-8880-69d7cac80982
08-05 17:42:08 com_github_MitjaNemec_ReplicateLayout.replicate_layout 991:Dst text UUid:e5964d3e-0e9c-4195-8bf3-c0794dd2bace
08-05 17:42:08 com_github_MitjaNemec_ReplicateLayout.replicate_layout 990:Src text UUid:ec7f0764-f7a3-4930-8ce2-5a268e3d55ec
08-05 17:42:08 com_github_MitjaNemec_ReplicateLayout.replicate_layout 991:Dst text UUid:89298bcb-5d29-4053-9143-715fa7ec91f8
08-05 17:42:08 com_github_MitjaNemec_ReplicateLayout.replicate_layout 990:Src text UUid:12b3ecd3-a28f-4ec6-aa1d-0e7d3fd57fd7
08-05 17:42:08 com_github_MitjaNemec_ReplicateLayout.replicate_layout 991:Dst text UUid:834bf2fc-26ce-4dfa-8f16-e86678b01b26
08-05 17:42:08 com_github_MitjaNemec_ReplicateLayout.replicate_layout 888:Replicating footprint: 'R25'
08-05 17:42:08 com_github_MitjaNemec_ReplicateLayout.replicate_layout 835:Src fp.id: '5F80B718-2992-4C96-9F05-6470A3F1AFCF'
08-05 17:42:08 com_github_MitjaNemec_ReplicateLayout.replicate_layout 839:Dst fp.id: '5F80B718-2992-4C96-9F05-6470A3F1AFCF'
08-05 17:42:08 com_github_MitjaNemec_ReplicateLayout.replicate_layout 895:found match in dst footprint: 'R34'
08-05 17:42:08 com_github_MitjaNemec_ReplicateLayout.replicate_layout 990:Src text UUid:6be75e39-14ce-4666-a89a-3f42f6e0ed42
08-05 17:42:08 com_github_MitjaNemec_ReplicateLayout.replicate_layout 991:Dst text UUid:358a6455-784d-4848-bb19-d6e583328458
08-05 17:42:08 com_github_MitjaNemec_ReplicateLayout.replicate_layout 990:Src text UUid:a371d866-c759-4fe0-b078-56792f3f5123
08-05 17:42:08 com_github_MitjaNemec_ReplicateLayout.replicate_layout 991:Dst text UUid:b8f3175e-3012-4d1c-8b49-6f9aac1ab7c0
08-05 17:42:08 com_github_MitjaNemec_ReplicateLayout.replicate_layout 990:Src text UUid:0dc096c8-d036-4be5-ac35-c299ecaf117b
08-05 17:42:08 com_github_MitjaNemec_ReplicateLayout.replicate_layout 991:Dst text UUid:13a0a26e-c114-4ea5-b929-413180c8c56f
08-05 17:42:08 com_github_MitjaNemec_ReplicateLayout.replicate_layout 888:Replicating footprint: 'IC9'
08-05 17:42:08 com_github_MitjaNemec_ReplicateLayout.replicate_layout 835:Src fp.id: '28AEE856-2692-4C12-832E-B534192C1BB5'
08-05 17:42:08 com_github_MitjaNemec_ReplicateLayout.replicate_layout 839:Dst fp.id: '28AEE856-2692-4C12-832E-B534192C1BB5'
08-05 17:42:08 com_github_MitjaNemec_ReplicateLayout.replicate_layout 895:found match in dst footprint: 'IC11'
08-05 17:42:08 com_github_MitjaNemec_ReplicateLayout.replicate_layout 990:Src text UUid:872622fe-834c-43a2-9c07-f9142bd5ecba
08-05 17:42:08 com_github_MitjaNemec_ReplicateLayout.replicate_layout 991:Dst text UUid:3dc5f114-503f-45fb-8d3e-cac97084a7e9
08-05 17:42:08 com_github_MitjaNemec_ReplicateLayout.replicate_layout 990:Src text UUid:30d14a7a-f7a3-4fbe-affd-977e4de1b55e
08-05 17:42:08 com_github_MitjaNemec_ReplicateLayout.replicate_layout 991:Dst text UUid:3a829bbb-3023-4b23-9021-2c2323ac3883
08-05 17:42:08 com_github_MitjaNemec_ReplicateLayout.replicate_layout 888:Replicating footprint: 'R24'
08-05 17:42:08 com_github_MitjaNemec_ReplicateLayout.replicate_layout 835:Src fp.id: '9AC6A605-27CF-4BE2-AF3A-563A3ACB1686'
08-05 17:42:08 com_github_MitjaNemec_ReplicateLayout.replicate_layout 839:Dst fp.id: '9AC6A605-27CF-4BE2-AF3A-563A3ACB1686'
08-05 17:42:08 com_github_MitjaNemec_ReplicateLayout.replicate_layout 895:found match in dst footprint: 'R33'
08-05 17:42:08 com_github_MitjaNemec_ReplicateLayout.replicate_layout 990:Src text UUid:2a5277bb-29a7-4cd2-b69b-91c3ee95343b
08-05 17:42:08 com_github_MitjaNemec_ReplicateLayout.replicate_layout 991:Dst text UUid:8bdf88eb-2020-409d-9acb-36f440d631f8
08-05 17:42:08 com_github_MitjaNemec_ReplicateLayout.replicate_layout 990:Src text UUid:6b8393eb-76cb-4444-a340-434a30199e25
08-05 17:42:08 com_github_MitjaNemec_ReplicateLayout.replicate_layout 991:Dst text UUid:4c72d468-9139-4d99-b99a-bdd3acc7fcbb
08-05 17:42:08 com_github_MitjaNemec_ReplicateLayout.replicate_layout 990:Src text UUid:5b4c3149-2b74-42c0-971f-323257214f63
08-05 17:42:08 com_github_MitjaNemec_ReplicateLayout.replicate_layout 991:Dst text UUid:c713882e-bad7-43c1-9995-01eb0472f704
08-05 17:42:08 com_github_MitjaNemec_ReplicateLayout.replicate_layout 888:Replicating footprint: 'J9'
08-05 17:42:08 com_github_MitjaNemec_ReplicateLayout.replicate_layout 835:Src fp.id: '6E8068F7-952C-4D61-BB1A-D4DB94FD7C8A'
08-05 17:42:08 com_github_MitjaNemec_ReplicateLayout.replicate_layout 839:Dst fp.id: '6E8068F7-952C-4D61-BB1A-D4DB94FD7C8A'
08-05 17:42:08 com_github_MitjaNemec_ReplicateLayout.replicate_layout 895:found match in dst footprint: 'J12'
08-05 17:42:08 com_github_MitjaNemec_ReplicateLayout.replicate_layout 990:Src text UUid:90442a38-db32-4623-ac98-8aec9a6fdb4c
08-05 17:42:08 com_github_MitjaNemec_ReplicateLayout.replicate_layout 991:Dst text UUid:23ccc0e7-7411-47d5-94f3-9d573a668564
08-05 17:42:08 com_github_MitjaNemec_ReplicateLayout.replicate_layout 990:Src text UUid:e9a8f86c-c3a4-4687-9eca-ca4df0a79759
08-05 17:42:08 com_github_MitjaNemec_ReplicateLayout.replicate_layout 991:Dst text UUid:4d4728ea-a807-43f1-ae36-ab637b91810e
08-05 17:42:08 com_github_MitjaNemec_ReplicateLayout.replicate_layout 990:Src text UUid:6431dfe0-4b95-47a0-869d-d39d948d5e0b
08-05 17:42:08 com_github_MitjaNemec_ReplicateLayout.replicate_layout 991:Dst text UUid:b64f1e69-8fbf-4951-b2b5-1a2b14d20abe
08-05 17:42:08 com_github_MitjaNemec_ReplicateLayout.replicate_layout 888:Replicating footprint: 'C13'
08-05 17:42:08 com_github_MitjaNemec_ReplicateLayout.replicate_layout 835:Src fp.id: '8936213F-2631-4A7C-A7BC-1762B6BC6243'
08-05 17:42:08 com_github_MitjaNemec_ReplicateLayout.replicate_layout 839:Dst fp.id: '8936213F-2631-4A7C-A7BC-1762B6BC6243'
08-05 17:42:08 com_github_MitjaNemec_ReplicateLayout.replicate_layout 895:found match in dst footprint: 'C15'
08-05 17:42:08 com_github_MitjaNemec_ReplicateLayout.replicate_layout 990:Src text UUid:65d7ca30-9ce6-4c02-afab-3c0d5989312d
08-05 17:42:08 com_github_MitjaNemec_ReplicateLayout.replicate_layout 991:Dst text UUid:f0430f07-66cd-42af-98af-e24d59c38b7b
08-05 17:42:08 com_github_MitjaNemec_ReplicateLayout.replicate_layout 990:Src text UUid:1c1818d4-836d-4a45-86ae-8d0f5cbeb4f4
08-05 17:42:08 com_github_MitjaNemec_ReplicateLayout.replicate_layout 991:Dst text UUid:bea95c25-71d5-42c0-9e26-3bee6289649e
08-05 17:42:08 com_github_MitjaNemec_ReplicateLayout.replicate_layout 990:Src text UUid:7b6f3c60-7b2e-4285-a0e7-a77a45321b9d
08-05 17:42:08 com_github_MitjaNemec_ReplicateLayout.replicate_layout 991:Dst text UUid:d231589e-b0d7-408b-908b-aa337d644322
08-05 17:42:08 com_github_MitjaNemec_ReplicateLayout.replicate_layout 888:Replicating footprint: 'C12'
08-05 17:42:08 com_github_MitjaNemec_ReplicateLayout.replicate_layout 835:Src fp.id: 'A4C2EA13-C5DE-4A04-84FA-117D1BED9D40'
08-05 17:42:08 com_github_MitjaNemec_ReplicateLayout.replicate_layout 839:Dst fp.id: 'A4C2EA13-C5DE-4A04-84FA-117D1BED9D40'
08-05 17:42:08 com_github_MitjaNemec_ReplicateLayout.replicate_layout 895:found match in dst footprint: 'C14'
08-05 17:42:08 com_github_MitjaNemec_ReplicateLayout.replicate_layout 990:Src text UUid:514a57d0-a172-4f36-bd97-f8f2d4aa0564
08-05 17:42:08 com_github_MitjaNemec_ReplicateLayout.replicate_layout 991:Dst text UUid:0c22bfc0-6eea-46c9-89a6-f97e7eaa3867
08-05 17:42:08 com_github_MitjaNemec_ReplicateLayout.replicate_layout 990:Src text UUid:8476e2a4-7e99-44b7-a63f-790f23051dc9
08-05 17:42:08 com_github_MitjaNemec_ReplicateLayout.replicate_layout 991:Dst text UUid:fc129d65-bc2a-4f06-9218-642dfe1de3ea
08-05 17:42:08 com_github_MitjaNemec_ReplicateLayout.replicate_layout 990:Src text UUid:4df22fd5-0b42-4370-94ef-affcccf7ea01
08-05 17:42:08 com_github_MitjaNemec_ReplicateLayout.replicate_layout 991:Dst text UUid:84335d59-d563-4920-b447-efde044d195c
08-05 17:42:08 com_github_MitjaNemec_ReplicateLayout.replicate_layout 888:Replicating footprint: 'IC10'
08-05 17:42:08 com_github_MitjaNemec_ReplicateLayout.replicate_layout 835:Src fp.id: '86FBA545-02B9-4CA8-BF91-073AEE445DB5'
08-05 17:42:08 com_github_MitjaNemec_ReplicateLayout.replicate_layout 839:Dst fp.id: '86FBA545-02B9-4CA8-BF91-073AEE445DB5'
08-05 17:42:08 com_github_MitjaNemec_ReplicateLayout.replicate_layout 895:found match in dst footprint: 'IC12'
08-05 17:42:08 com_github_MitjaNemec_ReplicateLayout.replicate_layout 990:Src text UUid:22fbb810-017c-404a-a61a-0353344b4cc2
08-05 17:42:08 com_github_MitjaNemec_ReplicateLayout.replicate_layout 991:Dst text UUid:71bedbc8-5162-4a69-8daf-e31dd8711c52
08-05 17:42:08 com_github_MitjaNemec_ReplicateLayout.replicate_layout 990:Src text UUid:55be61ba-eba7-44fa-a5e9-fad02a33b032
08-05 17:42:08 com_github_MitjaNemec_ReplicateLayout.replicate_layout 991:Dst text UUid:d118d8e6-3588-4e81-9adc-eca4c2f26450
08-05 17:42:08 com_github_MitjaNemec_ReplicateLayout.replicate_layout 888:Replicating footprint: 'J10'
08-05 17:42:08 com_github_MitjaNemec_ReplicateLayout.replicate_layout 835:Src fp.id: '54802528-C3E3-4A77-AC7F-A6EF1DE5F4AE'
08-05 17:42:08 com_github_MitjaNemec_ReplicateLayout.replicate_layout 839:Dst fp.id: '54802528-C3E3-4A77-AC7F-A6EF1DE5F4AE'
08-05 17:42:08 com_github_MitjaNemec_ReplicateLayout.replicate_layout 895:found match in dst footprint: 'J13'
08-05 17:42:08 com_github_MitjaNemec_ReplicateLayout.replicate_layout 990:Src text UUid:6e42ff94-56dc-4f39-b685-f4ac0283ddac
08-05 17:42:08 com_github_MitjaNemec_ReplicateLayout.replicate_layout 991:Dst text UUid:046e3b1a-7083-49c9-bb32-4a383713c4dc
08-05 17:42:08 com_github_MitjaNemec_ReplicateLayout.replicate_layout 990:Src text UUid:d31b75ab-476f-40b7-b603-46ecea944676
08-05 17:42:08 com_github_MitjaNemec_ReplicateLayout.replicate_layout 991:Dst text UUid:739bc63e-056a-46f9-a6f9-05d5e3a43f09
08-05 17:42:08 com_github_MitjaNemec_ReplicateLayout.replicate_layout 990:Src text UUid:fb3a15e0-342e-4817-aa5c-6f16b116d18e
08-05 17:42:08 com_github_MitjaNemec_ReplicateLayout.replicate_layout 991:Dst text UUid:d463943b-628a-4b8e-b0de-afc961142289
08-05 17:42:08 com_github_MitjaNemec_ReplicateLayout.replicate_layout 870:Replicating footprints on sheet ['/Heater_Mosfet_4/']
08-05 17:42:08 com_github_MitjaNemec_ReplicateLayout.replicate_layout 835:Src fp.id: '28AEE856-2692-4C12-832E-B534192C1BB5'
08-05 17:42:08 com_github_MitjaNemec_ReplicateLayout.replicate_layout 839:Dst fp.id: '28AEE856-2692-4C12-832E-B534192C1BB5'
08-05 17:42:08 com_github_MitjaNemec_ReplicateLayout.replicate_layout 888:Replicating footprint: 'R29'
08-05 17:42:08 com_github_MitjaNemec_ReplicateLayout.replicate_layout 835:Src fp.id: 'AB6F5044-C8DE-4817-A9E0-3333494524E5'
08-05 17:42:08 com_github_MitjaNemec_ReplicateLayout.replicate_layout 839:Dst fp.id: 'AB6F5044-C8DE-4817-A9E0-3333494524E5'
08-05 17:42:08 com_github_MitjaNemec_ReplicateLayout.replicate_layout 895:found match in dst footprint: 'R45'
08-05 17:42:08 com_github_MitjaNemec_ReplicateLayout.replicate_layout 990:Src text UUid:dbf97c2b-017e-4510-8c88-71176cd0ba06
08-05 17:42:08 com_github_MitjaNemec_ReplicateLayout.replicate_layout 991:Dst text UUid:2b9d3d18-3896-4c02-982a-701e4ec109f5
08-05 17:42:08 com_github_MitjaNemec_ReplicateLayout.replicate_layout 990:Src text UUid:fba11fc1-8fe8-494a-b3c9-5ea98392d0a7
08-05 17:42:08 com_github_MitjaNemec_ReplicateLayout.replicate_layout 991:Dst text UUid:b8bc8029-71ca-4274-8005-d8c227c7a3d3
08-05 17:42:08 com_github_MitjaNemec_ReplicateLayout.replicate_layout 990:Src text UUid:35be16ca-6396-4170-9379-fa5263df8207
08-05 17:42:08 com_github_MitjaNemec_ReplicateLayout.replicate_layout 991:Dst text UUid:84f0bc20-7d2e-4c57-9c4c-8744b2b0e9e6
08-05 17:42:08 com_github_MitjaNemec_ReplicateLayout.replicate_layout 888:Replicating footprint: 'R28'
08-05 17:42:08 com_github_MitjaNemec_ReplicateLayout.replicate_layout 835:Src fp.id: '057CDC43-C7A6-4333-9748-9CE4162478F5'
08-05 17:42:08 com_github_MitjaNemec_ReplicateLayout.replicate_layout 839:Dst fp.id: '057CDC43-C7A6-4333-9748-9CE4162478F5'
08-05 17:42:08 com_github_MitjaNemec_ReplicateLayout.replicate_layout 895:found match in dst footprint: 'R44'
08-05 17:42:08 com_github_MitjaNemec_ReplicateLayout.replicate_layout 990:Src text UUid:130020ea-dbd0-449e-8eda-aeb45595b156
08-05 17:42:08 com_github_MitjaNemec_ReplicateLayout.replicate_layout 991:Dst text UUid:dce50c30-3d3f-4948-8590-ccc3e2deff86
08-05 17:42:08 com_github_MitjaNemec_ReplicateLayout.replicate_layout 990:Src text UUid:1f35e423-8c72-4df7-9304-78711dce0344
08-05 17:42:08 com_github_MitjaNemec_ReplicateLayout.replicate_layout 991:Dst text UUid:d9be8961-a5ae-4f7a-b052-abd6e9d762a8
08-05 17:42:08 com_github_MitjaNemec_ReplicateLayout.replicate_layout 990:Src text UUid:e7c78d61-06ff-4de0-a129-31e51d0e3a0d
08-05 17:42:08 com_github_MitjaNemec_ReplicateLayout.replicate_layout 991:Dst text UUid:6e8a7f97-deab-4618-8f03-0341d5042ff5
08-05 17:42:08 com_github_MitjaNemec_ReplicateLayout.replicate_layout 888:Replicating footprint: 'R30'
08-05 17:42:08 com_github_MitjaNemec_ReplicateLayout.replicate_layout 835:Src fp.id: '8B3D445E-7AD9-4594-86BE-5B7539E97906'
08-05 17:42:08 com_github_MitjaNemec_ReplicateLayout.replicate_layout 839:Dst fp.id: '8B3D445E-7AD9-4594-86BE-5B7539E97906'
08-05 17:42:08 com_github_MitjaNemec_ReplicateLayout.replicate_layout 895:found match in dst footprint: 'R46'
08-05 17:42:08 com_github_MitjaNemec_ReplicateLayout.replicate_layout 990:Src text UUid:72dbf607-c6f4-4aa5-83e5-e558501de7eb
08-05 17:42:08 com_github_MitjaNemec_ReplicateLayout.replicate_layout 991:Dst text UUid:4ec7b461-a3d2-42d7-8446-e0057992f3d0
08-05 17:42:08 com_github_MitjaNemec_ReplicateLayout.replicate_layout 990:Src text UUid:d5ae1991-15a7-49a5-95bb-c6d2e977dc40
08-05 17:42:08 com_github_MitjaNemec_ReplicateLayout.replicate_layout 991:Dst text UUid:b9172fee-67dc-43f4-9abd-b72ead4b3c97
08-05 17:42:08 com_github_MitjaNemec_ReplicateLayout.replicate_layout 990:Src text UUid:080f5a8a-bceb-43ff-8633-bb22a4c73108
08-05 17:42:08 com_github_MitjaNemec_ReplicateLayout.replicate_layout 991:Dst text UUid:f1e44497-cd59-451c-b4a6-7f714f2e4606
08-05 17:42:08 com_github_MitjaNemec_ReplicateLayout.replicate_layout 888:Replicating footprint: 'R27'
08-05 17:42:08 com_github_MitjaNemec_ReplicateLayout.replicate_layout 835:Src fp.id: 'ABB09DC0-9B9B-4C75-809D-5EF5604C195F'
08-05 17:42:08 com_github_MitjaNemec_ReplicateLayout.replicate_layout 839:Dst fp.id: 'ABB09DC0-9B9B-4C75-809D-5EF5604C195F'
08-05 17:42:08 com_github_MitjaNemec_ReplicateLayout.replicate_layout 895:found match in dst footprint: 'R43'
08-05 17:42:08 com_github_MitjaNemec_ReplicateLayout.replicate_layout 990:Src text UUid:b0b66ad3-d6f8-4326-b951-087e8301b943
08-05 17:42:08 com_github_MitjaNemec_ReplicateLayout.replicate_layout 991:Dst text UUid:849bf0b8-8bf9-431e-9d69-350523d51876
08-05 17:42:08 com_github_MitjaNemec_ReplicateLayout.replicate_layout 990:Src text UUid:033d713a-b46d-46a6-a678-2c25e923525a
08-05 17:42:08 com_github_MitjaNemec_ReplicateLayout.replicate_layout 991:Dst text UUid:bca4adf2-164d-4179-a4b4-ce8d359d46a1
08-05 17:42:08 com_github_MitjaNemec_ReplicateLayout.replicate_layout 990:Src text UUid:a1de81c3-7acf-4fd6-a456-2b0442ab146d
08-05 17:42:08 com_github_MitjaNemec_ReplicateLayout.replicate_layout 991:Dst text UUid:70a40847-2e4f-45e2-b145-c24f131d2b16
08-05 17:42:08 com_github_MitjaNemec_ReplicateLayout.replicate_layout 888:Replicating footprint: 'R26'
08-05 17:42:08 com_github_MitjaNemec_ReplicateLayout.replicate_layout 835:Src fp.id: '90E7C390-60F4-409F-83DC-EC2356E4B771'
08-05 17:42:08 com_github_MitjaNemec_ReplicateLayout.replicate_layout 839:Dst fp.id: '90E7C390-60F4-409F-83DC-EC2356E4B771'
08-05 17:42:08 com_github_MitjaNemec_ReplicateLayout.replicate_layout 895:found match in dst footprint: 'R42'
08-05 17:42:08 com_github_MitjaNemec_ReplicateLayout.replicate_layout 990:Src text UUid:17f4524c-ad15-4277-8880-69d7cac80982
08-05 17:42:08 com_github_MitjaNemec_ReplicateLayout.replicate_layout 991:Dst text UUid:1f1f62b0-d025-418f-85f9-a37057014c36
08-05 17:42:08 com_github_MitjaNemec_ReplicateLayout.replicate_layout 990:Src text UUid:ec7f0764-f7a3-4930-8ce2-5a268e3d55ec
08-05 17:42:08 com_github_MitjaNemec_ReplicateLayout.replicate_layout 991:Dst text UUid:f3ee1ffd-f82e-4ab3-8ce4-8f480dbfb704
08-05 17:42:08 com_github_MitjaNemec_ReplicateLayout.replicate_layout 990:Src text UUid:12b3ecd3-a28f-4ec6-aa1d-0e7d3fd57fd7
08-05 17:42:08 com_github_MitjaNemec_ReplicateLayout.replicate_layout 991:Dst text UUid:efb74cb3-aaaf-4f95-be14-896f698f1cb8
08-05 17:42:08 com_github_MitjaNemec_ReplicateLayout.replicate_layout 888:Replicating footprint: 'R25'
08-05 17:42:08 com_github_MitjaNemec_ReplicateLayout.replicate_layout 835:Src fp.id: '5F80B718-2992-4C96-9F05-6470A3F1AFCF'
08-05 17:42:08 com_github_MitjaNemec_ReplicateLayout.replicate_layout 839:Dst fp.id: '5F80B718-2992-4C96-9F05-6470A3F1AFCF'
08-05 17:42:08 com_github_MitjaNemec_ReplicateLayout.replicate_layout 895:found match in dst footprint: 'R41'
08-05 17:42:08 com_github_MitjaNemec_ReplicateLayout.replicate_layout 990:Src text UUid:6be75e39-14ce-4666-a89a-3f42f6e0ed42
08-05 17:42:08 com_github_MitjaNemec_ReplicateLayout.replicate_layout 991:Dst text UUid:d07d3067-f1c2-4a55-aeee-b53b25a8c6ec
08-05 17:42:08 com_github_MitjaNemec_ReplicateLayout.replicate_layout 990:Src text UUid:a371d866-c759-4fe0-b078-56792f3f5123
08-05 17:42:08 com_github_MitjaNemec_ReplicateLayout.replicate_layout 991:Dst text UUid:9aa7fd1a-037d-4c06-93c4-cc7c1eb24982
08-05 17:42:08 com_github_MitjaNemec_ReplicateLayout.replicate_layout 990:Src text UUid:0dc096c8-d036-4be5-ac35-c299ecaf117b
08-05 17:42:08 com_github_MitjaNemec_ReplicateLayout.replicate_layout 991:Dst text UUid:b66eb238-e76b-4644-b0c1-29bbace4b591
08-05 17:42:08 com_github_MitjaNemec_ReplicateLayout.replicate_layout 888:Replicating footprint: 'IC9'
08-05 17:42:08 com_github_MitjaNemec_ReplicateLayout.replicate_layout 835:Src fp.id: '28AEE856-2692-4C12-832E-B534192C1BB5'
08-05 17:42:08 com_github_MitjaNemec_ReplicateLayout.replicate_layout 839:Dst fp.id: '28AEE856-2692-4C12-832E-B534192C1BB5'
08-05 17:42:08 com_github_MitjaNemec_ReplicateLayout.replicate_layout 895:found match in dst footprint: 'IC13'
08-05 17:42:08 com_github_MitjaNemec_ReplicateLayout.replicate_layout 990:Src text UUid:872622fe-834c-43a2-9c07-f9142bd5ecba
08-05 17:42:08 com_github_MitjaNemec_ReplicateLayout.replicate_layout 991:Dst text UUid:44324a3f-a6ee-455b-8106-5118a02e6520
08-05 17:42:08 com_github_MitjaNemec_ReplicateLayout.replicate_layout 990:Src text UUid:30d14a7a-f7a3-4fbe-affd-977e4de1b55e
08-05 17:42:08 com_github_MitjaNemec_ReplicateLayout.replicate_layout 991:Dst text UUid:ad8f1276-e12c-455c-ac19-e2b72f341088
08-05 17:42:08 com_github_MitjaNemec_ReplicateLayout.replicate_layout 888:Replicating footprint: 'R24'
08-05 17:42:08 com_github_MitjaNemec_ReplicateLayout.replicate_layout 835:Src fp.id: '9AC6A605-27CF-4BE2-AF3A-563A3ACB1686'
08-05 17:42:08 com_github_MitjaNemec_ReplicateLayout.replicate_layout 839:Dst fp.id: '9AC6A605-27CF-4BE2-AF3A-563A3ACB1686'
08-05 17:42:08 com_github_MitjaNemec_ReplicateLayout.replicate_layout 895:found match in dst footprint: 'R40'
08-05 17:42:08 com_github_MitjaNemec_ReplicateLayout.replicate_layout 990:Src text UUid:2a5277bb-29a7-4cd2-b69b-91c3ee95343b
08-05 17:42:08 com_github_MitjaNemec_ReplicateLayout.replicate_layout 991:Dst text UUid:bf0b8264-bf07-4fcb-83da-507de15985b5
08-05 17:42:08 com_github_MitjaNemec_ReplicateLayout.replicate_layout 990:Src text UUid:6b8393eb-76cb-4444-a340-434a30199e25
08-05 17:42:08 com_github_MitjaNemec_ReplicateLayout.replicate_layout 991:Dst text UUid:09bb35d4-426c-433a-9a30-c4370821a1f9
08-05 17:42:08 com_github_MitjaNemec_ReplicateLayout.replicate_layout 990:Src text UUid:5b4c3149-2b74-42c0-971f-323257214f63
08-05 17:42:08 com_github_MitjaNemec_ReplicateLayout.replicate_layout 991:Dst text UUid:6e5a2573-7635-489a-9979-6e60d608982d
08-05 17:42:08 com_github_MitjaNemec_ReplicateLayout.replicate_layout 888:Replicating footprint: 'J9'
08-05 17:42:08 com_github_MitjaNemec_ReplicateLayout.replicate_layout 835:Src fp.id: '6E8068F7-952C-4D61-BB1A-D4DB94FD7C8A'
08-05 17:42:08 com_github_MitjaNemec_ReplicateLayout.replicate_layout 839:Dst fp.id: '6E8068F7-952C-4D61-BB1A-D4DB94FD7C8A'
08-05 17:42:08 com_github_MitjaNemec_ReplicateLayout.replicate_layout 895:found match in dst footprint: 'J14'
08-05 17:42:08 com_github_MitjaNemec_ReplicateLayout.replicate_layout 990:Src text UUid:90442a38-db32-4623-ac98-8aec9a6fdb4c
08-05 17:42:08 com_github_MitjaNemec_ReplicateLayout.replicate_layout 991:Dst text UUid:9b14e451-81eb-4b93-a729-f0d239c9688c
08-05 17:42:08 com_github_MitjaNemec_ReplicateLayout.replicate_layout 990:Src text UUid:e9a8f86c-c3a4-4687-9eca-ca4df0a79759
08-05 17:42:08 com_github_MitjaNemec_ReplicateLayout.replicate_layout 991:Dst text UUid:216566bf-81d7-42dd-b24c-b576f0790c5b
08-05 17:42:08 com_github_MitjaNemec_ReplicateLayout.replicate_layout 990:Src text UUid:6431dfe0-4b95-47a0-869d-d39d948d5e0b
08-05 17:42:08 com_github_MitjaNemec_ReplicateLayout.replicate_layout 991:Dst text UUid:ad1eaa4d-61d1-4508-9fa3-84d8fd1c5bf2
08-05 17:42:08 com_github_MitjaNemec_ReplicateLayout.replicate_layout 888:Replicating footprint: 'C13'
08-05 17:42:08 com_github_MitjaNemec_ReplicateLayout.replicate_layout 835:Src fp.id: '8936213F-2631-4A7C-A7BC-1762B6BC6243'
08-05 17:42:08 com_github_MitjaNemec_ReplicateLayout.replicate_layout 839:Dst fp.id: '8936213F-2631-4A7C-A7BC-1762B6BC6243'
08-05 17:42:08 com_github_MitjaNemec_ReplicateLayout.replicate_layout 895:found match in dst footprint: 'C17'
08-05 17:42:08 com_github_MitjaNemec_ReplicateLayout.replicate_layout 990:Src text UUid:65d7ca30-9ce6-4c02-afab-3c0d5989312d
08-05 17:42:08 com_github_MitjaNemec_ReplicateLayout.replicate_layout 991:Dst text UUid:32acaf90-7c56-4a6a-a9c2-00a997996651
08-05 17:42:08 com_github_MitjaNemec_ReplicateLayout.replicate_layout 990:Src text UUid:1c1818d4-836d-4a45-86ae-8d0f5cbeb4f4
08-05 17:42:08 com_github_MitjaNemec_ReplicateLayout.replicate_layout 991:Dst text UUid:fcad5e71-4cad-4ff5-8bd2-a310aac4d1e7
08-05 17:42:08 com_github_MitjaNemec_ReplicateLayout.replicate_layout 990:Src text UUid:7b6f3c60-7b2e-4285-a0e7-a77a45321b9d
08-05 17:42:08 com_github_MitjaNemec_ReplicateLayout.replicate_layout 991:Dst text UUid:4ef05bcc-cf5a-4e74-9d69-246c2fd06129
08-05 17:42:08 com_github_MitjaNemec_ReplicateLayout.replicate_layout 888:Replicating footprint: 'C12'
08-05 17:42:08 com_github_MitjaNemec_ReplicateLayout.replicate_layout 835:Src fp.id: 'A4C2EA13-C5DE-4A04-84FA-117D1BED9D40'
08-05 17:42:08 com_github_MitjaNemec_ReplicateLayout.replicate_layout 839:Dst fp.id: 'A4C2EA13-C5DE-4A04-84FA-117D1BED9D40'
08-05 17:42:08 com_github_MitjaNemec_ReplicateLayout.replicate_layout 895:found match in dst footprint: 'C16'
08-05 17:42:08 com_github_MitjaNemec_ReplicateLayout.replicate_layout 990:Src text UUid:514a57d0-a172-4f36-bd97-f8f2d4aa0564
08-05 17:42:08 com_github_MitjaNemec_ReplicateLayout.replicate_layout 991:Dst text UUid:7c106c29-52d7-44ee-b4c3-02809521689a
08-05 17:42:08 com_github_MitjaNemec_ReplicateLayout.replicate_layout 990:Src text UUid:8476e2a4-7e99-44b7-a63f-790f23051dc9
08-05 17:42:08 com_github_MitjaNemec_ReplicateLayout.replicate_layout 991:Dst text UUid:e0d53f8c-e5ae-4cc7-a5d7-07ca9f10a0cd
08-05 17:42:08 com_github_MitjaNemec_ReplicateLayout.replicate_layout 990:Src text UUid:4df22fd5-0b42-4370-94ef-affcccf7ea01
08-05 17:42:08 com_github_MitjaNemec_ReplicateLayout.replicate_layout 991:Dst text UUid:493eaf5b-d95b-40dd-be99-ccb5d4fc09e0
08-05 17:42:08 com_github_MitjaNemec_ReplicateLayout.replicate_layout 888:Replicating footprint: 'IC10'
08-05 17:42:08 com_github_MitjaNemec_ReplicateLayout.replicate_layout 835:Src fp.id: '86FBA545-02B9-4CA8-BF91-073AEE445DB5'
08-05 17:42:08 com_github_MitjaNemec_ReplicateLayout.replicate_layout 839:Dst fp.id: '86FBA545-02B9-4CA8-BF91-073AEE445DB5'
08-05 17:42:08 com_github_MitjaNemec_ReplicateLayout.replicate_layout 895:found match in dst footprint: 'IC14'
08-05 17:42:08 com_github_MitjaNemec_ReplicateLayout.replicate_layout 990:Src text UUid:22fbb810-017c-404a-a61a-0353344b4cc2
08-05 17:42:08 com_github_MitjaNemec_ReplicateLayout.replicate_layout 991:Dst text UUid:30d89d09-3665-4206-9ca1-f080ac5b813c
08-05 17:42:08 com_github_MitjaNemec_ReplicateLayout.replicate_layout 990:Src text UUid:55be61ba-eba7-44fa-a5e9-fad02a33b032
08-05 17:42:08 com_github_MitjaNemec_ReplicateLayout.replicate_layout 991:Dst text UUid:e3e8266e-acba-4efe-a970-caaa063632fc
08-05 17:42:08 com_github_MitjaNemec_ReplicateLayout.replicate_layout 888:Replicating footprint: 'J10'
08-05 17:42:08 com_github_MitjaNemec_ReplicateLayout.replicate_layout 835:Src fp.id: '54802528-C3E3-4A77-AC7F-A6EF1DE5F4AE'
08-05 17:42:08 com_github_MitjaNemec_ReplicateLayout.replicate_layout 839:Dst fp.id: '54802528-C3E3-4A77-AC7F-A6EF1DE5F4AE'
08-05 17:42:08 com_github_MitjaNemec_ReplicateLayout.replicate_layout 895:found match in dst footprint: 'J15'
08-05 17:42:08 com_github_MitjaNemec_ReplicateLayout.replicate_layout 990:Src text UUid:6e42ff94-56dc-4f39-b685-f4ac0283ddac
08-05 17:42:08 com_github_MitjaNemec_ReplicateLayout.replicate_layout 991:Dst text UUid:438a5a28-311b-4c8e-9e46-189a0157be19
08-05 17:42:08 com_github_MitjaNemec_ReplicateLayout.replicate_layout 990:Src text UUid:d31b75ab-476f-40b7-b603-46ecea944676
08-05 17:42:08 com_github_MitjaNemec_ReplicateLayout.replicate_layout 991:Dst text UUid:03be7cf5-0b2f-4a7c-905a-6ca13328df73
08-05 17:42:08 com_github_MitjaNemec_ReplicateLayout.replicate_layout 990:Src text UUid:fb3a15e0-342e-4817-aa5c-6f16b116d18e
08-05 17:42:08 com_github_MitjaNemec_ReplicateLayout.replicate_layout 991:Dst text UUid:adae3f54-3de7-4106-92f0-05a0b3fe0781
08-05 17:42:08 root 340:updating GUI message: 'Replicating tracks'
08-05 17:42:08 com_github_MitjaNemec_ReplicateLayout.replicate_layout 1014:Replicating tracks
08-05 17:42:08 com_github_MitjaNemec_ReplicateLayout.replicate_layout 1020:Replicating tracks on sheet ['/Heater_Mosfet_1/']
08-05 17:42:08 com_github_MitjaNemec_ReplicateLayout.replicate_layout 835:Src fp.id: '28AEE856-2692-4C12-832E-B534192C1BB5'
08-05 17:42:08 com_github_MitjaNemec_ReplicateLayout.replicate_layout 839:Dst fp.id: '28AEE856-2692-4C12-832E-B534192C1BB5'
08-05 17:42:08 com_github_MitjaNemec_ReplicateLayout.replicate_layout 792:Net pairs for sheet ['/Heater_Mosfet_1/'] :[('Net-(IC10-A1)', 'Net-(IC2-A1)'), ('unconnected-(IC9-NC-Pad1)', 'unconnected-(IC1-NC-Pad1)'), ('Net-(IC9-OUT)', 'Net-(IC1-OUT)'), ('VCC', 'VCC'), ('/SDA', '/SDA'), ('Net-(J9-G)', 'Net-(J1-G)'), ('+3V3', '+3V3'), ('/SCL', '/SCL'), ('Net-(R25-Pad2)', 'Net-(R4-Pad2)'), ('/Heater_Mosfet_2/OUT_MOS', '/Heater_Mosfet_1/OUT_MOS'), ('Net-(IC10-ALERT)', 'Net-(IC2-ALERT)'), ('GND', 'GND'), ('/HEATER_PWM_2', '/HEATER_PWM_1'), ('Net-(IC10-A0)', 'Net-(IC2-A0)'), ('/Heater_Mosfet_2/IN-', '/Heater_Mosfet_1/IN-'), ('Net-(J9-S_1)', 'Net-(J1-S_1)')]
08-05 17:42:08 root 345:updating GUI with: 0
08-05 17:42:08 com_github_MitjaNemec_ReplicateLayout.replicate_layout 1020:Replicating tracks on sheet ['/Heater_Mosfet_3/']
08-05 17:42:08 com_github_MitjaNemec_ReplicateLayout.replicate_layout 835:Src fp.id: '28AEE856-2692-4C12-832E-B534192C1BB5'
08-05 17:42:08 com_github_MitjaNemec_ReplicateLayout.replicate_layout 839:Dst fp.id: '28AEE856-2692-4C12-832E-B534192C1BB5'
08-05 17:42:08 com_github_MitjaNemec_ReplicateLayout.replicate_layout 792:Net pairs for sheet ['/Heater_Mosfet_3/'] :[('Net-(IC10-A1)', 'Net-(IC12-A1)'), ('unconnected-(IC9-NC-Pad1)', 'unconnected-(IC11-NC-Pad1)'), ('VCC', 'VCC'), ('Net-(IC10-A0)', 'Net-(IC12-A0)'), ('Net-(IC9-OUT)', 'Net-(IC11-OUT)'), ('Net-(J9-G)', 'Net-(J12-G)'), ('/SDA', '/SDA'), ('/SCL', '/SCL'), ('+3V3', '+3V3'), ('/Heater_Mosfet_2/OUT_MOS', '/Heater_Mosfet_3/OUT_MOS'), ('Net-(IC10-ALERT)', 'Net-(IC12-ALERT)'), ('GND', 'GND'), ('Net-(J9-S_1)', 'Net-(J12-S_1)'), ('/Heater_Mosfet_2/IN-', '/Heater_Mosfet_3/IN-'), ('Net-(R25-Pad2)', 'Net-(R34-Pad2)'), ('/HEATER_PWM_2', '/HEATER_PWM_4')]
08-05 17:42:08 com_github_MitjaNemec_ReplicateLayout.replicate_layout 1020:Replicating tracks on sheet ['/Heater_Mosfet_4/']
08-05 17:42:08 com_github_MitjaNemec_ReplicateLayout.replicate_layout 835:Src fp.id: '28AEE856-2692-4C12-832E-B534192C1BB5'
08-05 17:42:08 com_github_MitjaNemec_ReplicateLayout.replicate_layout 839:Dst fp.id: '28AEE856-2692-4C12-832E-B534192C1BB5'
08-05 17:42:08 com_github_MitjaNemec_ReplicateLayout.replicate_layout 792:Net pairs for sheet ['/Heater_Mosfet_4/'] :[('Net-(IC10-A0)', 'Net-(IC14-A0)'), ('Net-(IC10-ALERT)', 'Net-(IC14-ALERT)'), ('Net-(R25-Pad2)', 'Net-(R41-Pad2)'), ('unconnected-(IC9-NC-Pad1)', 'unconnected-(IC13-NC-Pad1)'), ('Net-(J9-S_1)', 'Net-(J14-S_1)'), ('VCC', 'VCC'), ('Net-(IC9-OUT)', 'Net-(IC13-OUT)'), ('/SDA', '/SDA'), ('/SCL', '/SCL'), ('+3V3', '+3V3'), ('/Heater_Mosfet_2/OUT_MOS', '/Heater_Mosfet_4/OUT_MOS'), ('Net-(J9-G)', 'Net-(J14-G)'), ('GND', 'GND'), ('/Heater_Mosfet_2/IN-', '/Heater_Mosfet_4/IN-'), ('Net-(IC10-A1)', 'Net-(IC14-A1)'), ('/HEATER_PWM_2', '/HEATER_PWM_4')]
08-05 17:42:08 root 340:updating GUI message: 'Replicating zones'
08-05 17:42:08 com_github_MitjaNemec_ReplicateLayout.replicate_layout 1084:Replicating zones
08-05 17:42:08 com_github_MitjaNemec_ReplicateLayout.replicate_layout 1091:Replicating zones on sheet ['/Heater_Mosfet_1/']
08-05 17:42:08 com_github_MitjaNemec_ReplicateLayout.replicate_layout 835:Src fp.id: '28AEE856-2692-4C12-832E-B534192C1BB5'
08-05 17:42:08 com_github_MitjaNemec_ReplicateLayout.replicate_layout 839:Dst fp.id: '28AEE856-2692-4C12-832E-B534192C1BB5'
08-05 17:42:08 com_github_MitjaNemec_ReplicateLayout.replicate_layout 792:Net pairs for sheet ['/Heater_Mosfet_1/'] :[('Net-(IC10-A1)', 'Net-(IC2-A1)'), ('unconnected-(IC9-NC-Pad1)', 'unconnected-(IC1-NC-Pad1)'), ('Net-(IC9-OUT)', 'Net-(IC1-OUT)'), ('VCC', 'VCC'), ('/SDA', '/SDA'), ('Net-(J9-G)', 'Net-(J1-G)'), ('+3V3', '+3V3'), ('/SCL', '/SCL'), ('Net-(R25-Pad2)', 'Net-(R4-Pad2)'), ('/Heater_Mosfet_2/OUT_MOS', '/Heater_Mosfet_1/OUT_MOS'), ('Net-(IC10-ALERT)', 'Net-(IC2-ALERT)'), ('GND', 'GND'), ('/HEATER_PWM_2', '/HEATER_PWM_1'), ('Net-(IC10-A0)', 'Net-(IC2-A0)'), ('/Heater_Mosfet_2/IN-', '/Heater_Mosfet_1/IN-'), ('Net-(J9-S_1)', 'Net-(J1-S_1)')]
08-05 17:42:08 com_github_MitjaNemec_ReplicateLayout.replicate_layout 1091:Replicating zones on sheet ['/Heater_Mosfet_3/']
08-05 17:42:08 com_github_MitjaNemec_ReplicateLayout.replicate_layout 835:Src fp.id: '28AEE856-2692-4C12-832E-B534192C1BB5'
08-05 17:42:08 com_github_MitjaNemec_ReplicateLayout.replicate_layout 839:Dst fp.id: '28AEE856-2692-4C12-832E-B534192C1BB5'
08-05 17:42:08 com_github_MitjaNemec_ReplicateLayout.replicate_layout 792:Net pairs for sheet ['/Heater_Mosfet_3/'] :[('Net-(IC10-A1)', 'Net-(IC12-A1)'), ('unconnected-(IC9-NC-Pad1)', 'unconnected-(IC11-NC-Pad1)'), ('VCC', 'VCC'), ('Net-(IC10-A0)', 'Net-(IC12-A0)'), ('Net-(IC9-OUT)', 'Net-(IC11-OUT)'), ('Net-(J9-G)', 'Net-(J12-G)'), ('/SDA', '/SDA'), ('/SCL', '/SCL'), ('+3V3', '+3V3'), ('/Heater_Mosfet_2/OUT_MOS', '/Heater_Mosfet_3/OUT_MOS'), ('Net-(IC10-ALERT)', 'Net-(IC12-ALERT)'), ('GND', 'GND'), ('Net-(J9-S_1)', 'Net-(J12-S_1)'), ('/Heater_Mosfet_2/IN-', '/Heater_Mosfet_3/IN-'), ('Net-(R25-Pad2)', 'Net-(R34-Pad2)'), ('/HEATER_PWM_2', '/HEATER_PWM_4')]
08-05 17:42:08 com_github_MitjaNemec_ReplicateLayout.replicate_layout 1091:Replicating zones on sheet ['/Heater_Mosfet_4/']
08-05 17:42:08 com_github_MitjaNemec_ReplicateLayout.replicate_layout 835:Src fp.id: '28AEE856-2692-4C12-832E-B534192C1BB5'
08-05 17:42:08 com_github_MitjaNemec_ReplicateLayout.replicate_layout 839:Dst fp.id: '28AEE856-2692-4C12-832E-B534192C1BB5'
08-05 17:42:08 com_github_MitjaNemec_ReplicateLayout.replicate_layout 792:Net pairs for sheet ['/Heater_Mosfet_4/'] :[('Net-(IC10-A0)', 'Net-(IC14-A0)'), ('Net-(IC10-ALERT)', 'Net-(IC14-ALERT)'), ('Net-(R25-Pad2)', 'Net-(R41-Pad2)'), ('unconnected-(IC9-NC-Pad1)', 'unconnected-(IC13-NC-Pad1)'), ('Net-(J9-S_1)', 'Net-(J14-S_1)'), ('VCC', 'VCC'), ('Net-(IC9-OUT)', 'Net-(IC13-OUT)'), ('/SDA', '/SDA'), ('/SCL', '/SCL'), ('+3V3', '+3V3'), ('/Heater_Mosfet_2/OUT_MOS', '/Heater_Mosfet_4/OUT_MOS'), ('Net-(J9-G)', 'Net-(J14-G)'), ('GND', 'GND'), ('/Heater_Mosfet_2/IN-', '/Heater_Mosfet_4/IN-'), ('Net-(IC10-A1)', 'Net-(IC14-A1)'), ('/HEATER_PWM_2', '/HEATER_PWM_4')]
08-05 17:42:08 root 340:updating GUI message: 'Replicating text'
08-05 17:42:08 com_github_MitjaNemec_ReplicateLayout.replicate_layout 1173:Replicating text
08-05 17:42:08 com_github_MitjaNemec_ReplicateLayout.replicate_layout 1180:Replicating text on sheet ['/Heater_Mosfet_1/']
08-05 17:42:08 com_github_MitjaNemec_ReplicateLayout.replicate_layout 835:Src fp.id: '28AEE856-2692-4C12-832E-B534192C1BB5'
08-05 17:42:08 com_github_MitjaNemec_ReplicateLayout.replicate_layout 839:Dst fp.id: '28AEE856-2692-4C12-832E-B534192C1BB5'
08-05 17:42:08 com_github_MitjaNemec_ReplicateLayout.replicate_layout 1180:Replicating text on sheet ['/Heater_Mosfet_3/']
08-05 17:42:08 com_github_MitjaNemec_ReplicateLayout.replicate_layout 835:Src fp.id: '28AEE856-2692-4C12-832E-B534192C1BB5'
08-05 17:42:08 com_github_MitjaNemec_ReplicateLayout.replicate_layout 839:Dst fp.id: '28AEE856-2692-4C12-832E-B534192C1BB5'
08-05 17:42:08 com_github_MitjaNemec_ReplicateLayout.replicate_layout 1180:Replicating text on sheet ['/Heater_Mosfet_4/']
08-05 17:42:08 com_github_MitjaNemec_ReplicateLayout.replicate_layout 835:Src fp.id: '28AEE856-2692-4C12-832E-B534192C1BB5'
08-05 17:42:08 com_github_MitjaNemec_ReplicateLayout.replicate_layout 839:Dst fp.id: '28AEE856-2692-4C12-832E-B534192C1BB5'
08-05 17:42:08 root 340:updating GUI message: 'Replicating drawings'
08-05 17:42:08 com_github_MitjaNemec_ReplicateLayout.replicate_layout 1224:Replicating drawings
08-05 17:42:08 com_github_MitjaNemec_ReplicateLayout.replicate_layout 1230:Replicating drawings on sheet ['/Heater_Mosfet_1/']
08-05 17:42:08 com_github_MitjaNemec_ReplicateLayout.replicate_layout 835:Src fp.id: '28AEE856-2692-4C12-832E-B534192C1BB5'
08-05 17:42:08 com_github_MitjaNemec_ReplicateLayout.replicate_layout 839:Dst fp.id: '28AEE856-2692-4C12-832E-B534192C1BB5'
08-05 17:42:08 com_github_MitjaNemec_ReplicateLayout.replicate_layout 1230:Replicating drawings on sheet ['/Heater_Mosfet_3/']
08-05 17:42:08 com_github_MitjaNemec_ReplicateLayout.replicate_layout 835:Src fp.id: '28AEE856-2692-4C12-832E-B534192C1BB5'
08-05 17:42:08 com_github_MitjaNemec_ReplicateLayout.replicate_layout 839:Dst fp.id: '28AEE856-2692-4C12-832E-B534192C1BB5'
08-05 17:42:08 com_github_MitjaNemec_ReplicateLayout.replicate_layout 1230:Replicating drawings on sheet ['/Heater_Mosfet_4/']
08-05 17:42:08 com_github_MitjaNemec_ReplicateLayout.replicate_layout 835:Src fp.id: '28AEE856-2692-4C12-832E-B534192C1BB5'
08-05 17:42:08 com_github_MitjaNemec_ReplicateLayout.replicate_layout 839:Dst fp.id: '28AEE856-2692-4C12-832E-B534192C1BB5'
08-05 17:42:09 com_github_MitjaNemec_ReplicateLayout.action_replicate_layout 264:Replication complete
